{"C:\\Users\\assad\\Desktop\\foxintelligence-api\\src\\app.controller.ts": {"path":"C:\\Users\\assad\\Desktop\\foxintelligence-api\\src\\app.controller.ts","statementMap":{"0":{"start":{"line":1,"column":0},"end":{"line":1,"column":49}},"1":{"start":{"line":2,"column":0},"end":{"line":2,"column":43}},"2":{"start":{"line":3,"column":0},"end":{"line":3,"column":56}},"3":{"start":{"line":6,"column":0},"end":{"line":15,"column":null}},"4":{"start":{"line":7,"column":31},"end":{"line":7,"column":43}},"5":{"start":{"line":13,"column":4},"end":{"line":13,"column":38}},"6":{"start":{"line":12,"column":2},"end":{"line":14,"column":null}},"7":{"start":{"line":6,"column":13},"end":{"line":15,"column":null}},"8":{"start":{"line":6,"column":13},"end":{"line":6,"column":26}}},"fnMap":{"0":{"name":"(anonymous_2)","decl":{"start":{"line":7,"column":2},"end":{"line":7,"column":31}},"loc":{"start":{"line":7,"column":53},"end":{"line":8,"column":3}}},"1":{"name":"(anonymous_3)","decl":{"start":{"line":12,"column":2},"end":{"line":12,"column":10}},"loc":{"start":{"line":12,"column":10},"end":{"line":14,"column":3}}}},"branchMap":{},"s":{"0":1,"1":1,"2":1,"3":1,"4":1,"5":1,"6":1,"7":1,"8":1},"f":{"0":1,"1":1},"b":{}}
,"C:\\Users\\assad\\Desktop\\foxintelligence-api\\src\\app.service.ts": {"path":"C:\\Users\\assad\\Desktop\\foxintelligence-api\\src\\app.service.ts","statementMap":{"0":{"start":{"line":1,"column":0},"end":{"line":1,"column":44}},"1":{"start":{"line":4,"column":0},"end":{"line":10,"column":null}},"2":{"start":{"line":7,"column":4},"end":{"line":7,"column":26}},"3":{"start":{"line":4,"column":13},"end":{"line":10,"column":null}},"4":{"start":{"line":4,"column":13},"end":{"line":4,"column":23}}},"fnMap":{"0":{"name":"(anonymous_1)","decl":{"start":{"line":6,"column":2},"end":{"line":6,"column":10}},"loc":{"start":{"line":6,"column":10},"end":{"line":8,"column":3}}}},"branchMap":{},"s":{"0":1,"1":1,"2":1,"3":1,"4":1},"f":{"0":1},"b":{}}
,"C:\\Users\\assad\\Desktop\\foxintelligence-api\\src\\config\\config.module.ts": {"path":"C:\\Users\\assad\\Desktop\\foxintelligence-api\\src\\config\\config.module.ts","statementMap":{"0":{"start":{"line":1,"column":0},"end":{"line":1,"column":40}},"1":{"start":{"line":2,"column":0},"end":{"line":2,"column":49}},"2":{"start":{"line":3,"column":0},"end":{"line":3,"column":29}},"3":{"start":{"line":14,"column":0},"end":{"line":15,"column":null}},"4":{"start":{"line":14,"column":13},"end":{"line":15,"column":null}},"5":{"start":{"line":14,"column":13},"end":{"line":14,"column":25}}},"fnMap":{},"branchMap":{"0":{"loc":{"start":{"line":9,"column":82},"end":{"line":9,"column":102}},"type":"binary-expr","locations":[{"start":{"line":9,"column":82},"end":{"line":9,"column":102}},{"start":{"line":9,"column":106},"end":{"line":9,"column":119}}]}},"s":{"0":2,"1":2,"2":2,"3":2,"4":2,"5":2},"f":{},"b":{"0":[2,0]}}
,"C:\\Users\\assad\\Desktop\\foxintelligence-api\\src\\config\\config.service.ts": {"path":"C:\\Users\\assad\\Desktop\\foxintelligence-api\\src\\config\\config.service.ts","statementMap":{"0":{"start":{"line":1,"column":0},"end":{"line":1,"column":33}},"1":{"start":{"line":2,"column":0},"end":{"line":2,"column":25}},"2":{"start":{"line":8,"column":4},"end":{"line":8,"column":100}},"3":{"start":{"line":12,"column":4},"end":{"line":12,"column":31}},"4":{"start":{"line":4,"column":0},"end":{"line":4,"column":13}}},"fnMap":{"0":{"name":"(anonymous_0)","decl":{"start":{"line":7,"column":2},"end":{"line":7,"column":14}},"loc":{"start":{"line":7,"column":30},"end":{"line":9,"column":3}}},"1":{"name":"(anonymous_1)","decl":{"start":{"line":11,"column":2},"end":{"line":11,"column":5}},"loc":{"start":{"line":11,"column":17},"end":{"line":13,"column":3}}}},"branchMap":{},"s":{"0":2,"1":2,"2":2,"3":11,"4":2},"f":{"0":2,"1":11},"b":{}}
,"C:\\Users\\assad\\Desktop\\foxintelligence-api\\src\\helpers\\helpers.ts": {"path":"C:\\Users\\assad\\Desktop\\foxintelligence-api\\src\\helpers\\helpers.ts","statementMap":{"0":{"start":{"line":1,"column":0},"end":{"line":1,"column":27}},"1":{"start":{"line":5,"column":14},"end":{"line":5,"column":164}},"2":{"start":{"line":6,"column":2},"end":{"line":6,"column":25}},"3":{"start":{"line":4,"column":0},"end":{"line":4,"column":16}},"4":{"start":{"line":10,"column":2},"end":{"line":10,"column":39}},"5":{"start":{"line":9,"column":0},"end":{"line":9,"column":16}},"6":{"start":{"line":14,"column":2},"end":{"line":14,"column":54}},"7":{"start":{"line":13,"column":0},"end":{"line":13,"column":16}}},"fnMap":{"0":{"name":"getPartsOfLogLine","decl":{"start":{"line":4,"column":16},"end":{"line":4,"column":33}},"loc":{"start":{"line":4,"column":46},"end":{"line":7,"column":1}}},"1":{"name":"validateStatus","decl":{"start":{"line":9,"column":16},"end":{"line":9,"column":30}},"loc":{"start":{"line":9,"column":37},"end":{"line":11,"column":1}}},"2":{"name":"getSectionFromUrl","decl":{"start":{"line":13,"column":16},"end":{"line":13,"column":33}},"loc":{"start":{"line":13,"column":49},"end":{"line":15,"column":1}}}},"branchMap":{"0":{"loc":{"start":{"line":10,"column":9},"end":{"line":10,"column":22}},"type":"binary-expr","locations":[{"start":{"line":10,"column":9},"end":{"line":10,"column":22}},{"start":{"line":10,"column":26},"end":{"line":10,"column":38}}]},"1":{"loc":{"start":{"line":14,"column":38},"end":{"line":14,"column":40}},"type":"cond-expr","locations":[{"start":{"line":14,"column":38},"end":{"line":14,"column":40}},{"start":{"line":14,"column":38},"end":{"line":14,"column":54}}]},"2":{"loc":{"start":{"line":14,"column":2},"end":{"line":14,"column":40}},"type":"binary-expr","locations":[{"start":{"line":14,"column":2},"end":{"line":14,"column":40}},{"start":{"line":14,"column":38},"end":{"line":14,"column":40}}]},"3":{"loc":{"start":{"line":14,"column":27},"end":{"line":14,"column":30}},"type":"cond-expr","locations":[{"start":{"line":14,"column":27},"end":{"line":14,"column":30}},{"start":{"line":14,"column":27},"end":{"line":14,"column":38}}]},"4":{"loc":{"start":{"line":14,"column":2},"end":{"line":14,"column":30}},"type":"binary-expr","locations":[{"start":{"line":14,"column":2},"end":{"line":14,"column":30}},{"start":{"line":14,"column":27},"end":{"line":14,"column":30}}]},"5":{"loc":{"start":{"line":14,"column":12},"end":{"line":14,"column":14}},"type":"cond-expr","locations":[{"start":{"line":14,"column":12},"end":{"line":14,"column":14}},{"start":{"line":14,"column":12},"end":{"line":14,"column":30}}]},"6":{"loc":{"start":{"line":14,"column":2},"end":{"line":14,"column":14}},"type":"binary-expr","locations":[{"start":{"line":14,"column":2},"end":{"line":14,"column":14}},{"start":{"line":14,"column":12},"end":{"line":14,"column":14}}]}},"s":{"0":3,"1":1,"2":1,"3":3,"4":2,"5":3,"6":2,"7":3},"f":{"0":1,"1":2,"2":2},"b":{"0":[2,2],"1":[0,2],"2":[2,2],"3":[0,2],"4":[2,2],"5":[0,2],"6":[2,2]}}
,"C:\\Users\\assad\\Desktop\\foxintelligence-api\\src\\helpers\\index.ts": {"path":"C:\\Users\\assad\\Desktop\\foxintelligence-api\\src\\helpers\\index.ts","statementMap":{"0":{"start":{"line":1,"column":0},"end":{"line":1,"column":26}}},"fnMap":{},"branchMap":{},"s":{"0":2},"f":{},"b":{}}
,"C:\\Users\\assad\\Desktop\\foxintelligence-api\\src\\log\\log.controller.ts": {"path":"C:\\Users\\assad\\Desktop\\foxintelligence-api\\src\\log\\log.controller.ts","statementMap":{"0":{"start":{"line":1,"column":0},"end":{"line":1,"column":84}},"1":{"start":{"line":2,"column":0},"end":{"line":2,"column":43}},"2":{"start":{"line":3,"column":0},"end":{"line":3,"column":46}},"3":{"start":{"line":8,"column":0},"end":{"line":18,"column":null}},"4":{"start":{"line":10,"column":22},"end":{"line":10,"column":34}},"5":{"start":{"line":16,"column":4},"end":{"line":16,"column":44}},"6":{"start":{"line":15,"column":2},"end":{"line":17,"column":null}},"7":{"start":{"line":8,"column":13},"end":{"line":18,"column":null}},"8":{"start":{"line":8,"column":13},"end":{"line":8,"column":26}}},"fnMap":{"0":{"name":"(anonymous_2)","decl":{"start":{"line":10,"column":2},"end":{"line":10,"column":22}},"loc":{"start":{"line":10,"column":44},"end":{"line":11,"column":3}}},"1":{"name":"(anonymous_3)","decl":{"start":{"line":15,"column":2},"end":{"line":15,"column":7}},"loc":{"start":{"line":15,"column":22},"end":{"line":17,"column":3}}}},"branchMap":{},"s":{"0":1,"1":1,"2":1,"3":1,"4":2,"5":0,"6":1,"7":1,"8":1},"f":{"0":2,"1":0},"b":{}}
,"C:\\Users\\assad\\Desktop\\foxintelligence-api\\src\\log\\log.module.ts": {"path":"C:\\Users\\assad\\Desktop\\foxintelligence-api\\src\\log\\log.module.ts","statementMap":{"0":{"start":{"line":1,"column":0},"end":{"line":1,"column":53}},"1":{"start":{"line":2,"column":0},"end":{"line":2,"column":49}},"2":{"start":{"line":3,"column":0},"end":{"line":3,"column":43}},"3":{"start":{"line":4,"column":0},"end":{"line":4,"column":69}},"4":{"start":{"line":5,"column":0},"end":{"line":5,"column":55}},"5":{"start":{"line":6,"column":0},"end":{"line":6,"column":47}},"6":{"start":{"line":7,"column":0},"end":{"line":7,"column":57}},"7":{"start":{"line":21,"column":0},"end":{"line":22,"column":null}},"8":{"start":{"line":21,"column":13},"end":{"line":22,"column":null}},"9":{"start":{"line":12,"column":57},"end":{"line":14,"column":6}},"10":{"start":{"line":21,"column":13},"end":{"line":21,"column":22}}},"fnMap":{"0":{"name":"(anonymous_1)","decl":{"start":{"line":12,"column":16},"end":{"line":12,"column":21}},"loc":{"start":{"line":12,"column":57},"end":{"line":14,"column":6}}}},"branchMap":{},"s":{"0":1,"1":1,"2":1,"3":1,"4":1,"5":1,"6":1,"7":1,"8":1,"9":2,"10":1},"f":{"0":2},"b":{}}
,"C:\\Users\\assad\\Desktop\\foxintelligence-api\\src\\log\\log.service.ts": {"path":"C:\\Users\\assad\\Desktop\\foxintelligence-api\\src\\log\\log.service.ts","statementMap":{"0":{"start":{"line":1,"column":0},"end":{"line":1,"column":58}},"1":{"start":{"line":2,"column":0},"end":{"line":2,"column":69}},"2":{"start":{"line":3,"column":0},"end":{"line":3,"column":55}},"3":{"start":{"line":4,"column":0},"end":{"line":4,"column":82}},"4":{"start":{"line":6,"column":0},"end":{"line":6,"column":33}},"5":{"start":{"line":7,"column":0},"end":{"line":7,"column":57}},"6":{"start":{"line":11,"column":0},"end":{"line":127,"column":null}},"7":{"start":{"line":20,"column":4},"end":{"line":20,"column":12}},"8":{"start":{"line":18,"column":22},"end":{"line":18,"column":38}},"9":{"start":{"line":19,"column":22},"end":{"line":19,"column":35}},"10":{"start":{"line":19,"column":62},"end":{"line":19,"column":77}},"11":{"start":{"line":21,"column":4},"end":{"line":21,"column":45}},"12":{"start":{"line":25,"column":4},"end":{"line":30,"column":6}},"13":{"start":{"line":39,"column":4},"end":{"line":61,"column":8}},"14":{"start":{"line":40,"column":6},"end":{"line":42,"column":null}},"15":{"start":{"line":41,"column":8},"end":{"line":41,"column":60}},"16":{"start":{"line":45,"column":27},"end":{"line":45,"column":99}},"17":{"start":{"line":46,"column":27},"end":{"line":46,"column":76}},"18":{"start":{"line":47,"column":23},"end":{"line":47,"column":53}},"19":{"start":{"line":48,"column":6},"end":{"line":48,"column":66}},"20":{"start":{"line":51,"column":6},"end":{"line":51,"column":44}},"21":{"start":{"line":52,"column":6},"end":{"line":52,"column":59}},"22":{"start":{"line":55,"column":87},"end":{"line":55,"column":88}},"23":{"start":{"line":56,"column":6},"end":{"line":60,"column":11}},"24":{"start":{"line":58,"column":26},"end":{"line":58,"column":54}},"25":{"start":{"line":59,"column":26},"end":{"line":59,"column":55}},"26":{"start":{"line":66,"column":22},"end":{"line":66,"column":45}},"27":{"start":{"line":68,"column":4},"end":{"line":95,"column":null}},"28":{"start":{"line":69,"column":34},"end":{"line":69,"column":71}},"29":{"start":{"line":70,"column":33},"end":{"line":70,"column":70}},"30":{"start":{"line":74,"column":6},"end":{"line":74,"column":41}},"31":{"start":{"line":77,"column":6},"end":{"line":77,"column":33}},"32":{"start":{"line":78,"column":6},"end":{"line":78,"column":52}},"33":{"start":{"line":81,"column":6},"end":{"line":91,"column":null}},"34":{"start":{"line":82,"column":8},"end":{"line":90,"column":null}},"35":{"start":{"line":83,"column":10},"end":{"line":86,"column":12}},"36":{"start":{"line":88,"column":10},"end":{"line":88,"column":55}},"37":{"start":{"line":89,"column":10},"end":{"line":89,"column":72}},"38":{"start":{"line":94,"column":6},"end":{"line":94,"column":35}},"39":{"start":{"line":101,"column":4},"end":{"line":101,"column":62}},"40":{"start":{"line":102,"column":4},"end":{"line":102,"column":65}},"41":{"start":{"line":105,"column":4},"end":{"line":105,"column":36}},"42":{"start":{"line":109,"column":10},"end":{"line":109,"column":12}},"43":{"start":{"line":109,"column":20},"end":{"line":109,"column":22}},"44":{"start":{"line":109,"column":22},"end":{"line":109,"column":51}},"45":{"start":{"line":110,"column":24},"end":{"line":112,"column":96}},"46":{"start":{"line":111,"column":6},"end":{"line":111,"column":56}},"47":{"start":{"line":112,"column":54},"end":{"line":112,"column":95}},"48":{"start":{"line":113,"column":24},"end":{"line":113,"column":48}},"49":{"start":{"line":114,"column":4},"end":{"line":114,"column":88}},"50":{"start":{"line":118,"column":24},"end":{"line":118,"column":42}},"51":{"start":{"line":119,"column":4},"end":{"line":119,"column":86}},"52":{"start":{"line":120,"column":4},"end":{"line":120,"column":42}},"53":{"start":{"line":121,"column":4},"end":{"line":121,"column":45}},"54":{"start":{"line":122,"column":4},"end":{"line":122,"column":45}},"55":{"start":{"line":123,"column":4},"end":{"line":123,"column":65}},"56":{"start":{"line":124,"column":4},"end":{"line":124,"column":64}},"57":{"start":{"line":125,"column":4},"end":{"line":125,"column":23}},"58":{"start":{"line":11,"column":13},"end":{"line":127,"column":null}},"59":{"start":{"line":11,"column":13},"end":{"line":11,"column":23}}},"fnMap":{"0":{"name":"(anonymous_3)","decl":{"start":{"line":18,"column":2},"end":{"line":18,"column":22}},"loc":{"start":{"line":19,"column":90},"end":{"line":22,"column":3}}},"1":{"name":"(anonymous_4)","decl":{"start":{"line":24,"column":2},"end":{"line":24,"column":14}},"loc":{"start":{"line":24,"column":14},"end":{"line":31,"column":3}}},"2":{"name":"(anonymous_5)","decl":{"start":{"line":38,"column":2},"end":{"line":38,"column":7}},"loc":{"start":{"line":38,"column":22},"end":{"line":63,"column":3}}},"3":{"name":"(anonymous_6)","decl":{"start":{"line":39,"column":24},"end":{"line":39,"column":29}},"loc":{"start":{"line":39,"column":50},"end":{"line":61,"column":5}}},"4":{"name":"(anonymous_7)","decl":{"start":{"line":58,"column":16},"end":{"line":58,"column":17}},"loc":{"start":{"line":58,"column":26},"end":{"line":58,"column":54}}},"5":{"name":"(anonymous_8)","decl":{"start":{"line":59,"column":20},"end":{"line":59,"column":23}},"loc":{"start":{"line":59,"column":26},"end":{"line":59,"column":55}}},"6":{"name":"(anonymous_9)","decl":{"start":{"line":65,"column":10},"end":{"line":65,"column":27}},"loc":{"start":{"line":65,"column":40},"end":{"line":96,"column":3}}},"7":{"name":"(anonymous_10)","decl":{"start":{"line":98,"column":10},"end":{"line":98,"column":15}},"loc":{"start":{"line":98,"column":39},"end":{"line":106,"column":3}}},"8":{"name":"(anonymous_11)","decl":{"start":{"line":108,"column":10},"end":{"line":108,"column":25}},"loc":{"start":{"line":108,"column":25},"end":{"line":115,"column":3}}},"9":{"name":"(anonymous_12)","decl":{"start":{"line":110,"column":50},"end":{"line":110,"column":51}},"loc":{"start":{"line":110,"column":68},"end":{"line":112,"column":5}}},"10":{"name":"(anonymous_13)","decl":{"start":{"line":112,"column":12},"end":{"line":112,"column":13}},"loc":{"start":{"line":112,"column":54},"end":{"line":112,"column":95}}},"11":{"name":"(anonymous_14)","decl":{"start":{"line":117,"column":10},"end":{"line":117,"column":27}},"loc":{"start":{"line":117,"column":27},"end":{"line":126,"column":3}}}},"branchMap":{"0":{"loc":{"start":{"line":40,"column":6},"end":{"line":42,"column":null}},"type":"if","locations":[{"start":{"line":40,"column":6},"end":{"line":42,"column":null}},{"start":{"line":40,"column":6},"end":{"line":42,"column":null}}]},"1":{"loc":{"start":{"line":51,"column":18},"end":{"line":51,"column":30}},"type":"binary-expr","locations":[{"start":{"line":51,"column":18},"end":{"line":51,"column":30}},{"start":{"line":51,"column":34},"end":{"line":51,"column":43}}]},"2":{"loc":{"start":{"line":68,"column":4},"end":{"line":95,"column":null}},"type":"if","locations":[{"start":{"line":68,"column":4},"end":{"line":95,"column":null}},{"start":{"line":68,"column":4},"end":{"line":95,"column":null}}]},"3":{"loc":{"start":{"line":69,"column":52},"end":{"line":69,"column":64}},"type":"binary-expr","locations":[{"start":{"line":69,"column":52},"end":{"line":69,"column":64}},{"start":{"line":69,"column":68},"end":{"line":69,"column":70}}]},"4":{"loc":{"start":{"line":70,"column":48},"end":{"line":70,"column":60}},"type":"binary-expr","locations":[{"start":{"line":70,"column":48},"end":{"line":70,"column":60}},{"start":{"line":70,"column":64},"end":{"line":70,"column":69}}]},"5":{"loc":{"start":{"line":81,"column":6},"end":{"line":91,"column":null}},"type":"if","locations":[{"start":{"line":81,"column":6},"end":{"line":91,"column":null}},{"start":{"line":81,"column":6},"end":{"line":91,"column":null}}]},"6":{"loc":{"start":{"line":82,"column":8},"end":{"line":90,"column":null}},"type":"if","locations":[{"start":{"line":82,"column":8},"end":{"line":90,"column":null}},{"start":{"line":82,"column":8},"end":{"line":90,"column":null}}]}},"s":{"0":2,"1":2,"2":2,"3":2,"4":2,"5":2,"6":2,"7":4,"8":4,"9":4,"10":4,"11":4,"12":0,"13":0,"14":0,"15":0,"16":0,"17":0,"18":0,"19":0,"20":0,"21":0,"22":0,"23":0,"24":0,"25":0,"26":0,"27":0,"28":0,"29":0,"30":0,"31":0,"32":0,"33":0,"34":0,"35":0,"36":0,"37":0,"38":0,"39":0,"40":0,"41":0,"42":0,"43":0,"44":0,"45":0,"46":0,"47":0,"48":0,"49":0,"50":0,"51":0,"52":0,"53":0,"54":0,"55":0,"56":0,"57":0,"58":2,"59":2},"f":{"0":4,"1":0,"2":0,"3":0,"4":0,"5":0,"6":0,"7":0,"8":0,"9":0,"10":0,"11":0},"b":{"0":[0,0],"1":[0,0],"2":[0,0],"3":[0,0],"4":[0,0],"5":[0,0],"6":[0,0]}}
,"C:\\Users\\assad\\Desktop\\foxintelligence-api\\src\\services\\fileReader.service.ts": {"path":"C:\\Users\\assad\\Desktop\\foxintelligence-api\\src\\services\\fileReader.service.ts","statementMap":{"0":{"start":{"line":1,"column":0},"end":{"line":1,"column":25}},"1":{"start":{"line":2,"column":0},"end":{"line":2,"column":33}},"2":{"start":{"line":3,"column":0},"end":{"line":3,"column":37}},"3":{"start":{"line":5,"column":0},"end":{"line":5,"column":57}},"4":{"start":{"line":6,"column":0},"end":{"line":6,"column":44}},"5":{"start":{"line":7,"column":0},"end":{"line":7,"column":34}},"6":{"start":{"line":10,"column":0},"end":{"line":41,"column":null}},"7":{"start":{"line":14,"column":22},"end":{"line":14,"column":37}},"8":{"start":{"line":15,"column":4},"end":{"line":15,"column":56}},"9":{"start":{"line":19,"column":4},"end":{"line":19,"column":40}},"10":{"start":{"line":23,"column":4},"end":{"line":23,"column":43}},"11":{"start":{"line":27,"column":29},"end":{"line":27,"column":69}},"12":{"start":{"line":28,"column":4},"end":{"line":32,"column":7}},"13":{"start":{"line":29,"column":6},"end":{"line":29,"column":75}},"14":{"start":{"line":29,"column":52},"end":{"line":29,"column":73}},"15":{"start":{"line":30,"column":6},"end":{"line":30,"column":64}},"16":{"start":{"line":30,"column":41},"end":{"line":30,"column":62}},"17":{"start":{"line":31,"column":6},"end":{"line":31,"column":67}},"18":{"start":{"line":31,"column":44},"end":{"line":31,"column":65}},"19":{"start":{"line":36,"column":21},"end":{"line":36,"column":81}},"20":{"start":{"line":37,"column":27},"end":{"line":37,"column":39}},"21":{"start":{"line":38,"column":4},"end":{"line":38,"column":57}},"22":{"start":{"line":10,"column":13},"end":{"line":41,"column":null}},"23":{"start":{"line":10,"column":13},"end":{"line":10,"column":30}}},"fnMap":{"0":{"name":"(anonymous_2)","decl":{"start":{"line":14,"column":2},"end":{"line":14,"column":22}},"loc":{"start":{"line":14,"column":50},"end":{"line":16,"column":3}}},"1":{"name":"(anonymous_3)","decl":{"start":{"line":18,"column":2},"end":{"line":18,"column":13}},"loc":{"start":{"line":18,"column":13},"end":{"line":20,"column":3}}},"2":{"name":"(anonymous_4)","decl":{"start":{"line":22,"column":2},"end":{"line":22,"column":13}},"loc":{"start":{"line":22,"column":13},"end":{"line":24,"column":3}}},"3":{"name":"(anonymous_5)","decl":{"start":{"line":26,"column":2},"end":{"line":26,"column":11}},"loc":{"start":{"line":26,"column":37},"end":{"line":33,"column":3}}},"4":{"name":"(anonymous_6)","decl":{"start":{"line":28,"column":26},"end":{"line":28,"column":36}},"loc":{"start":{"line":28,"column":39},"end":{"line":32,"column":5}}},"5":{"name":"(anonymous_7)","decl":{"start":{"line":29,"column":34},"end":{"line":29,"column":35}},"loc":{"start":{"line":29,"column":52},"end":{"line":29,"column":73}}},"6":{"name":"(anonymous_8)","decl":{"start":{"line":30,"column":35},"end":{"line":30,"column":38}},"loc":{"start":{"line":30,"column":41},"end":{"line":30,"column":62}}},"7":{"name":"(anonymous_9)","decl":{"start":{"line":31,"column":35},"end":{"line":31,"column":36}},"loc":{"start":{"line":31,"column":44},"end":{"line":31,"column":65}}},"8":{"name":"(anonymous_10)","decl":{"start":{"line":35,"column":10},"end":{"line":35,"column":30}},"loc":{"start":{"line":35,"column":52},"end":{"line":39,"column":3}}}},"branchMap":{"0":{"loc":{"start":{"line":26,"column":36},"end":{"line":26,"column":37}},"type":"default-arg","locations":[{"start":{"line":26,"column":36},"end":{"line":26,"column":37}}]}},"s":{"0":2,"1":2,"2":2,"3":2,"4":2,"5":2,"6":2,"7":5,"8":5,"9":0,"10":0,"11":0,"12":0,"13":0,"14":0,"15":0,"16":0,"17":0,"18":0,"19":0,"20":0,"21":0,"22":2,"23":2},"f":{"0":5,"1":0,"2":0,"3":0,"4":0,"5":0,"6":0,"7":0,"8":0},"b":{"0":[0]}}
,"C:\\Users\\assad\\Desktop\\foxintelligence-api\\src\\services\\index.ts": {"path":"C:\\Users\\assad\\Desktop\\foxintelligence-api\\src\\services\\index.ts","statementMap":{"0":{"start":{"line":1,"column":0},"end":{"line":1,"column":37}},"1":{"start":{"line":2,"column":0},"end":{"line":2,"column":39}}},"fnMap":{},"branchMap":{},"s":{"0":2,"1":2},"f":{},"b":{}}
,"C:\\Users\\assad\\Desktop\\foxintelligence-api\\src\\services\\localStorage.service.ts": {"path":"C:\\Users\\assad\\Desktop\\foxintelligence-api\\src\\services\\localStorage.service.ts","statementMap":{"0":{"start":{"line":1,"column":0},"end":{"line":1,"column":44}},"1":{"start":{"line":6,"column":4},"end":{"line":6,"column":23}},"2":{"start":{"line":10,"column":4},"end":{"line":10,"column":36}},"3":{"start":{"line":14,"column":4},"end":{"line":14,"column":42}},"4":{"start":{"line":18,"column":4},"end":{"line":18,"column":30}},"5":{"start":{"line":22,"column":4},"end":{"line":27,"column":7}},"6":{"start":{"line":3,"column":0},"end":{"line":3,"column":13}}},"fnMap":{"0":{"name":"(anonymous_0)","decl":{"start":{"line":5,"column":2},"end":{"line":5,"column":null}},"loc":{"start":{"line":5,"column":2},"end":{"line":7,"column":3}}},"1":{"name":"(anonymous_1)","decl":{"start":{"line":9,"column":2},"end":{"line":9,"column":7}},"loc":{"start":{"line":9,"column":19},"end":{"line":11,"column":3}}},"2":{"name":"(anonymous_2)","decl":{"start":{"line":13,"column":2},"end":{"line":13,"column":7}},"loc":{"start":{"line":13,"column":25},"end":{"line":15,"column":3}}},"3":{"name":"(anonymous_3)","decl":{"start":{"line":17,"column":2},"end":{"line":17,"column":7}},"loc":{"start":{"line":17,"column":16},"end":{"line":19,"column":3}}},"4":{"name":"(anonymous_4)","decl":{"start":{"line":21,"column":10},"end":{"line":21,"column":15}},"loc":{"start":{"line":21,"column":27},"end":{"line":28,"column":3}}}},"branchMap":{},"s":{"0":2,"1":2,"2":0,"3":0,"4":0,"5":2,"6":2},"f":{"0":2,"1":0,"2":0,"3":0,"4":2},"b":{}}
}
