TN:
SF:C:\Users\assad\Desktop\foxintelligence-api\src\app.controller.ts
FN:7,(anonymous_2)
FN:12,(anonymous_3)
FNF:2
FNH:2
FNDA:1,(anonymous_2)
FNDA:1,(anonymous_3)
DA:1,1
DA:2,1
DA:3,1
DA:6,1
DA:7,1
DA:12,1
DA:13,1
LF:7
LH:7
BRF:0
BRH:0
end_of_record
TN:
SF:C:\Users\assad\Desktop\foxintelligence-api\src\app.service.ts
FN:6,(anonymous_1)
FNF:1
FNH:1
FNDA:1,(anonymous_1)
DA:1,1
DA:4,1
DA:7,1
LF:3
LH:3
BRF:0
BRH:0
end_of_record
TN:
SF:C:\Users\assad\Desktop\foxintelligence-api\src\config\config.service.ts
FN:7,(anonymous_0)
FN:11,(anonymous_1)
FNF:2
FNH:0
FNDA:0,(anonymous_0)
FNDA:0,(anonymous_1)
DA:1,2
DA:2,2
DA:4,2
DA:8,0
DA:12,0
LF:5
LH:3
BRF:0
BRH:0
end_of_record
TN:
SF:C:\Users\assad\Desktop\foxintelligence-api\src\helpers\helpers.ts
FN:3,getPartsOfLogLine
FN:8,validateStatus
FN:12,getSectionFromUrl
FNF:3
FNH:3
FNDA:1,getPartsOfLogLine
FNDA:2,validateStatus
FNDA:2,getSectionFromUrl
DA:1,3
DA:3,3
DA:4,1
DA:5,1
DA:8,3
DA:9,2
DA:12,3
DA:13,2
DA:14,2
LF:9
LH:9
BRDA:9,0,0,2
BRDA:9,0,1,2
BRDA:13,1,0,0
BRDA:13,1,1,2
BRDA:13,2,0,2
BRDA:13,2,1,2
BRDA:13,3,0,0
BRDA:13,3,1,2
BRDA:13,4,0,2
BRDA:13,4,1,2
BRDA:14,5,0,0
BRDA:14,5,1,2
BRDA:14,6,0,2
BRDA:14,6,1,2
BRDA:14,7,0,0
BRDA:14,7,1,2
BRDA:14,8,0,2
BRDA:14,8,1,2
BRDA:14,9,0,0
BRDA:14,9,1,2
BRDA:14,10,0,2
BRDA:14,10,1,2
BRF:22
BRH:17
end_of_record
TN:
SF:C:\Users\assad\Desktop\foxintelligence-api\src\helpers\index.ts
FNF:0
FNH:0
DA:1,2
LF:1
LH:1
BRF:0
BRH:0
end_of_record
TN:
SF:C:\Users\assad\Desktop\foxintelligence-api\src\log\log.controller.ts
FN:10,(anonymous_2)
FN:15,(anonymous_3)
FNF:2
FNH:0
FNDA:0,(anonymous_2)
FNDA:0,(anonymous_3)
DA:1,1
DA:2,1
DA:3,1
DA:8,1
DA:10,0
DA:15,1
DA:16,0
LF:7
LH:5
BRF:0
BRH:0
end_of_record
TN:
SF:C:\Users\assad\Desktop\foxintelligence-api\src\log\log.service.ts
FN:18,(anonymous_3)
FN:24,(anonymous_4)
FN:33,(anonymous_5)
FN:34,(anonymous_6)
FN:53,(anonymous_7)
FN:54,(anonymous_8)
FN:60,(anonymous_9)
FN:93,(anonymous_10)
FN:103,(anonymous_11)
FN:105,(anonymous_12)
FN:107,(anonymous_13)
FN:112,(anonymous_14)
FNF:12
FNH:0
FNDA:0,(anonymous_3)
FNDA:0,(anonymous_4)
FNDA:0,(anonymous_5)
FNDA:0,(anonymous_6)
FNDA:0,(anonymous_7)
FNDA:0,(anonymous_8)
FNDA:0,(anonymous_9)
FNDA:0,(anonymous_10)
FNDA:0,(anonymous_11)
FNDA:0,(anonymous_12)
FNDA:0,(anonymous_13)
FNDA:0,(anonymous_14)
DA:1,2
DA:2,2
DA:3,2
DA:4,2
DA:6,2
DA:7,2
DA:11,2
DA:18,0
DA:19,0
DA:20,0
DA:21,0
DA:25,0
DA:34,0
DA:35,0
DA:36,0
DA:40,0
DA:41,0
DA:42,0
DA:43,0
DA:46,0
DA:47,0
DA:50,0
DA:51,0
DA:53,0
DA:54,0
DA:61,0
DA:63,0
DA:64,0
DA:65,0
DA:69,0
DA:72,0
DA:73,0
DA:76,0
DA:77,0
DA:78,0
DA:83,0
DA:84,0
DA:89,0
DA:96,0
DA:97,0
DA:100,0
DA:104,0
DA:105,0
DA:106,0
DA:107,0
DA:108,0
DA:109,0
DA:113,0
DA:114,0
DA:115,0
DA:116,0
DA:117,0
DA:118,0
DA:119,0
DA:120,0
LF:55
LH:7
BRDA:35,0,0,0
BRDA:35,0,1,0
BRDA:46,1,0,0
BRDA:46,1,1,0
BRDA:63,2,0,0
BRDA:63,2,1,0
BRDA:64,3,0,0
BRDA:64,3,1,0
BRDA:65,4,0,0
BRDA:65,4,1,0
BRDA:76,5,0,0
BRDA:76,5,1,0
BRDA:77,6,0,0
BRDA:77,6,1,0
BRF:14
BRH:0
end_of_record
TN:
SF:C:\Users\assad\Desktop\foxintelligence-api\src\services\fileReader.service.ts
FN:14,(anonymous_2)
FN:18,(anonymous_3)
FN:22,(anonymous_4)
FN:26,(anonymous_5)
FN:28,(anonymous_6)
FN:29,(anonymous_7)
FN:30,(anonymous_8)
FN:31,(anonymous_9)
FN:35,(anonymous_10)
FNF:9
FNH:0
FNDA:0,(anonymous_2)
FNDA:0,(anonymous_3)
FNDA:0,(anonymous_4)
FNDA:0,(anonymous_5)
FNDA:0,(anonymous_6)
FNDA:0,(anonymous_7)
FNDA:0,(anonymous_8)
FNDA:0,(anonymous_9)
FNDA:0,(anonymous_10)
DA:1,2
DA:2,2
DA:3,2
DA:5,2
DA:6,2
DA:7,2
DA:10,2
DA:14,0
DA:15,0
DA:19,0
DA:23,0
DA:27,0
DA:28,0
DA:29,0
DA:30,0
DA:31,0
DA:36,0
DA:37,0
DA:38,0
LF:19
LH:7
BRDA:26,0,0,0
BRF:1
BRH:0
end_of_record
TN:
SF:C:\Users\assad\Desktop\foxintelligence-api\src\services\index.ts
FNF:0
FNH:0
DA:1,2
DA:2,2
LF:2
LH:2
BRF:0
BRH:0
end_of_record
TN:
SF:C:\Users\assad\Desktop\foxintelligence-api\src\services\localStorage.service.ts
FN:5,(anonymous_0)
FN:9,(anonymous_1)
FN:13,(anonymous_2)
FN:17,(anonymous_3)
FN:21,(anonymous_4)
FNF:5
FNH:0
FNDA:0,(anonymous_0)
FNDA:0,(anonymous_1)
FNDA:0,(anonymous_2)
FNDA:0,(anonymous_3)
FNDA:0,(anonymous_4)
DA:1,2
DA:3,2
DA:6,0
DA:10,0
DA:14,0
DA:18,0
DA:22,0
LF:7
LH:2
BRF:0
BRH:0
end_of_record
